<?xml version="1.0" encoding="UTF-8"?>
<!-- Generated by org.testng.reporters.JUnitXMLReporter -->
<testsuite hostname="Krishna-PC" ignored="1" name="Command line test" tests="2" failures="1" timestamp="29 Apr 2019 17:30:13 GMT" time="1.04" errors="0">
  <testcase name="@BeforeClass setUp" time="0.0" classname="baseTest.BaseTest">
    <failure type="org.testng.TestNGException" message="
Parameter &amp;apos;nodeUrl&amp;apos; is required by BeforeClass on method setUp but has not been marked @Optional or defined
">
      <![CDATA[org.testng.TestNGException: 
Parameter 'nodeUrl' is required by BeforeClass on method setUp but has not been marked @Optional or defined

... Removed 33 stack frames]]>
    </failure>
  </testcase> <!-- @BeforeClass setUp -->
  <testcase name="@AfterClass tearDown" time="0.0" classname="baseTest.BaseTest">
    <skipped/>
  </testcase> <!-- @AfterClass tearDown -->
  <testcase name="@BeforeClass setUp" time="0.0" classname="baseTest.BaseTest">
    <failure type="org.testng.TestNGException" message="
Parameter &amp;apos;nodeUrl&amp;apos; is required by BeforeClass on method setUp but has not been marked @Optional or defined
">
      <![CDATA[org.testng.TestNGException: 
Parameter 'nodeUrl' is required by BeforeClass on method setUp but has not been marked @Optional or defined

... Removed 33 stack frames]]>
    </failure>
  </testcase> <!-- @BeforeClass setUp -->
  <testcase name="@AfterClass tearDown" time="0.0" classname="baseTest.BaseTest">
    <skipped/>
  </testcase> <!-- @AfterClass tearDown -->
  <testcase name="verifyHomePageTitle" time="0.0" classname="testScripts.HomeTest">
    <skipped/>
  </testcase> <!-- verifyHomePageTitle -->
  <testcase name="loginTest" time="0.0" classname="testScripts.LoginTest">
    <failure type="org.testng.TestNGException" message="
Parameter &amp;apos;userName&amp;apos; is required by @Test on method loginTest but has not been marked @Optional or defined
">
      <![CDATA[org.testng.TestNGException: 
Parameter 'userName' is required by @Test on method loginTest but has not been marked @Optional or defined

... Removed 34 stack frames]]>
    </failure>
  </testcase> <!-- loginTest -->
  <testcase name="addNewCustomer" time="0.0" classname="testScripts.HomeTest">
    <ignored/>
  </testcase> <!-- addNewCustomer -->
</testsuite> <!-- Command line test -->
